[2020-05-06 17:47:04] [info] Start Program:
Path:"D:\\Another\\OOP_homework\\QtGuiApplication1\\x64\\Debug\\QtGuiApplication1.exe"
Arguments:
Working directory: "D:\\Another\\OOP_homework\\QtGuiApplication1\\QtGuiApplication1\\"
Modules: Selected: D:\Another\OOP_homework\QtGuiApplication1\x64\Debug\QtGuiApplication1.exe Excluded: 
Sources: Selected: D:\Another\OOP_homework\QtGuiApplication1\QtGuiApplication1 Excluded: 
Log Level: Normal
Cover Children: 0
Aggregate by file: 1
Continue after C++ exception: 0
Optimized build support: 0
Export: binary C:\Users\ghera\AppData\Local\Temp\3ykkzbhi.tib 
Input coverage: 
Unified diff: 
Excluded line regular expressions: 
Substitute pdb source paths: 

[2020-05-06 17:47:04] [info] Module: D:\Another\OOP_homework\QtGuiApplication1\x64\Debug\QtGuiApplication1.exe is selected because it matches selected pattern: D:\Another\OOP_homework\QtGuiApplication1\x64\Debug\QtGuiApplication1.exe
[2020-05-06 17:47:04] [info] ----------------------------------------------------
[2020-05-06 17:47:04] [info] Coverage binary generated in file: C:\Users\ghera\AppData\Local\Temp\3ykkzbhi.tib
[2020-05-06 17:47:04] [info] ----------------------------------------------------
[2020-05-06 17:47:04] [error] Your program stop with error code: -1073741515
